- Pascal-FC for IBM PC compatibles - 
- GNU Compiler Version P5.2

G L Davies  &  A Burns, University of York

Compiler listing

    1     0 program ordenDecreciente;
    2     0 var
    3     0     a, b, c: integer;
    4     0 begin
    5     0     write('Ingrese tres numeros separados por espacio: ');
    6     2     readln(a, b, c);
    7     9     if (a > b) and (b > c) then
    8    17         writeln('Los numeros estan en orden decreciente')
    9    19     else
   10    20         writeln('Los numeros NO estan en orden decreciente');
   11    24 end.



Symbol table

    name       link      objekt       type         ref      nrm  lev  adr  aux

 45 _main        44     procedure   notyp           2      True    0    0    0
 46 any           0     variable    synch           0      True    1    5    0
 47 a            46     variable    integer         0      True    1    5    0
 48 b            47     variable    integer         0      True    1    6    0
 49 c            48     variable    integer         0      True    1    7    0

Generated P-code

    0     ldcon.i      0        44          ;5
    1     wrstr        0         0          ;5
    2     ldadr        1         5          ;6
    3     rdinp.i      0         0          ;6
    4     ldadr        1         6          ;6
    5     rdinp.i      0         0          ;6
    6     ldadr        1         7          ;6
    7     rdinp.i      0         0          ;6
    8     rdlin        0         0          ;6
    9     ldval.i      1         5          ;7
   10     ldval.i      1         6          ;7
   11     relgt.i      0         0          ;7
   12     ldval.i      1         6          ;7
   13     ldval.i      1         7          ;7
   14     relgt.i      0         0          ;7
   15     andop.b      0         0          ;7
   16     jmpiz        0        21          ;7
   17     ldcon.i      0        38          ;8
   18     wrstr        0        44          ;8
   19     wrlin        0         0          ;8
   20     jmpuc        0        24          ;8
   21     ldcon.i      0        41          ;10
   22     wrstr        0        82          ;10
   23     wrlin        0         0          ;10
   24     stopx        0         0          ;10
