- Pascal-FC for IBM PC compatibles - 
- GNU Compiler Version P5.2

G L Davies  &  A Burns, University of York

Compiler listing

    1     0 program multiplos7;
    2     0 var
    3     0     i: integer;
    4     0 begin
    5     0     writeln('Multiplos de 7 entre 1 y 100:');
    6     3     for i := 1 to 100 do
    7     7     begin
    8     7         if i mod 7 = 0 then
    9    13             write(i, ' ');
   10    17     end;
   11    18 end.



Symbol table

    name       link      objekt       type         ref      nrm  lev  adr  aux

 45 _main        44     procedure   notyp           2      True    0    0    0
 46 any           0     variable    synch           0      True    1    5    0
 47 i            46     variable    integer         0      True    1    5    0

Generated P-code

    0     ldcon.i      0        29          ;5
    1     wrstr        0         0          ;5
    2     wrlin        0         0          ;5
    3     ldadr        1         5          ;5
    4     ldcon.i      0         1          ;6
    5     ldcon.i      0       100          ;6
    6     for1u.i      0        18          ;6
    7     ldval.i      1         5          ;8
    8     ldcon.i      0         7          ;8
    9     modop.i      0         0          ;8
   10     ldcon.i      0         0          ;8
   11     releq.i      0         0          ;8
   12     jmpiz        0        17          ;8
   13     ldval.i      1         5          ;9
   14     wrval.i      0         0          ;9
   15     ldcon.c      0        32          ;9
   16     wrval.c      0         0          ;9
   17     for2u.i      0         7          ;9
   18     stopx        0         0          ;10
