- Pascal-FC for IBM PC compatibles - 
- GNU Compiler Version P5.2

G L Davies  &  A Burns, University of York

Compiler listing

    1     0 program buclewhile;
    2     0 var
    3     0  numero:integer;
    4     0 begin
    5     0  write('Ingrese un numero menor a 10: ');
    6     2  readln(numero);
    7     5  if(numero<10) then
    8     9  begin
    9     9   while(numero<=10) do
   10    13    begin
   11    13     write(numero,' ');
   12    17     numero:=numero + 1;
   13    22    end;
   14    23  end;
   15    23  readln
   16    23 end.



Symbol table

    name       link      objekt       type         ref      nrm  lev  adr  aux

 45 _main        44     procedure   notyp           2      True    0    0    0
 46 any           0     variable    synch           0      True    1    5    0
 47 numero       46     variable    integer         0      True    1    5    0

Generated P-code

    0     ldcon.i      0        30          ;5
    1     wrstr        0         0          ;5
    2     ldadr        1         5          ;6
    3     rdinp.i      0         0          ;6
    4     rdlin        0         0          ;6
    5     ldval.i      1         5          ;7
    6     ldcon.i      0        10          ;7
    7     rellt.i      0         0          ;7
    8     jmpiz        0        23          ;7
    9     ldval.i      1         5          ;9
   10     ldcon.i      0        10          ;9
   11     relle.i      0         0          ;9
   12     jmpiz        0        23          ;9
   13     ldval.i      1         5          ;11
   14     wrval.i      0         0          ;11
   15     ldcon.c      0        32          ;11
   16     wrval.c      0         0          ;11
   17     ldadr        1         5          ;11
   18     ldval.i      1         5          ;12
   19     ldcon.i      0         1          ;12
   20     addop.i      0         0          ;12
   21     store.i      0         0          ;12
   22     jmpuc        0         9          ;12
   23     rdlin        0         0          ;14
   24     stopx        0         0          ;15
