- Pascal-FC for IBM PC compatibles - 
- GNU Compiler Version P5.2

G L Davies  &  A Burns, University of York

Compiler listing

    1     0 program Par;
    2     0 var
    3     0  t, num:integer;
    4     0 begin
    5     0  write('Introduzca un numero entero:');
    6     2  readln(num);
    7     5  if ((num mod 2=0)) then
    8    11   write('El numero introducido es par');
    9    13 end.



Symbol table

    name       link      objekt       type         ref      nrm  lev  adr  aux

 45 _main        44     procedure   notyp           2      True    0    0    0
 46 any           0     variable    synch           0      True    1    5    0
 47 t            46     variable    integer         0      True    1    5    0
 48 num          47     variable    integer         0      True    1    6    0

Generated P-code

    0     ldcon.i      0        28          ;5
    1     wrstr        0         0          ;5
    2     ldadr        1         6          ;6
    3     rdinp.i      0         0          ;6
    4     rdlin        0         0          ;6
    5     ldval.i      1         6          ;7
    6     ldcon.i      0         2          ;7
    7     modop.i      0         0          ;7
    8     ldcon.i      0         0          ;7
    9     releq.i      0         0          ;7
   10     jmpiz        0        13          ;7
   11     ldcon.i      0        28          ;8
   12     wrstr        0        28          ;8
   13     stopx        0         0          ;8
