- Pascal-FC for IBM PC compatibles - 
- GNU Compiler Version P5.2

G L Davies  &  A Burns, University of York

Compiler listing

    1     0 program tiempAsegundos;
    2     0 var
    3     0     horas, minutos, segundos, total: integer;
    4     0 begin
    5     0     write('Ingrese horas: ');
    6     2     readln(horas);
    7     5     write('Ingrese minutos: ');
    8     7     readln(minutos);
    9    10     write('Ingrese segundos: ');
   10    12     readln(segundos);
   11    15     total := horas*3600 + minutos*60 + segundos;
   12    26     writeln('El tiempo total en segundos es: ', total);
   13    31 end.



Symbol table

    name       link      objekt       type         ref      nrm  lev  adr  aux

 45 _main        44     procedure   notyp           2      True    0    0    0
 46 any           0     variable    synch           0      True    1    5    0
 47 horas        46     variable    integer         0      True    1    5    0
 48 minutos      47     variable    integer         0      True    1    6    0
 49 segundos     48     variable    integer         0      True    1    7    0
 50 total        49     variable    integer         0      True    1    8    0

Generated P-code

    0     ldcon.i      0        15          ;5
    1     wrstr        0         0          ;5
    2     ldadr        1         5          ;6
    3     rdinp.i      0         0          ;6
    4     rdlin        0         0          ;6
    5     ldcon.i      0        17          ;7
    6     wrstr        0        15          ;7
    7     ldadr        1         6          ;8
    8     rdinp.i      0         0          ;8
    9     rdlin        0         0          ;8
   10     ldcon.i      0        18          ;9
   11     wrstr        0        32          ;9
   12     ldadr        1         7          ;10
   13     rdinp.i      0         0          ;10
   14     rdlin        0         0          ;10
   15     ldadr        1         8          ;10
   16     ldval.i      1         5          ;11
   17     ldcon.i      0      3600          ;11
   18     mulop.i      0         0          ;11
   19     ldval.i      1         6          ;11
   20     ldcon.i      0        60          ;11
   21     mulop.i      0         0          ;11
   22     addop.i      0         0          ;11
   23     ldval.i      1         7          ;11
   24     addop.i      0         0          ;11
   25     store.i      0         0          ;11
   26     ldcon.i      0        32          ;12
   27     wrstr        0        50          ;12
   28     ldval.i      1         8          ;12
   29     wrval.i      0         0          ;12
   30     wrlin        0         0          ;12
   31     stopx        0         0          ;12
