- Pascal-FC for IBM PC compatibles - 
- GNU Compiler Version P5.2

G L Davies  &  A Burns, University of York

Compiler listing

    1     0 program coseno;
    2     0 var
    3     0  pi, angulo, resultado:real;
    4     0 begin
    5     0  pi:=3.1416;
    6     3  angulo:=pi/4; (*45 grados=pi/4 radianes*)
    7     9  resultado:=cos(angulo);
    8    13  writeln('El coseno de 45 grados es:', resultado:4:3);
    9    20 end.



Symbol table

    name       link      objekt       type         ref      nrm  lev  adr  aux

 45 _main        44     procedure   notyp           2      True    0    0    0
 46 any           0     variable    synch           0      True    1    5    0
 47 pi           46     variable    real            0      True    1    5    0
 48 angulo       47     variable    real            0      True    1    6    0
 49 resultado    48     variable    real            0      True    1    7    0

Generated P-code

    0     ldadr        1         5          ;4
    1     ldcon.r      0         1          ;5
    2     store.r      0         0          ;5
    3     ldadr        1         6          ;5
    4     ldval.r      1         5          ;6
    5     ldcon.i      0         4          ;6
    6     float        0         0          ;6
    7     divop.r      0         0          ;6
    8     store.r      0         0          ;6
    9     ldadr        1         7          ;6
   10     ldval.r      1         6          ;7
   11     stfun.r      0        12          ;7
   12     store.r      0         0          ;7
   13     ldcon.i      0        26          ;8
   14     wrstr        0         0          ;8
   15     ldval.r      1         7          ;8
   16     ldcon.i      0         4          ;8
   17     ldcon.i      0         3          ;8
   18     w2frm        0         0          ;8
   19     wrlin        0         0          ;8
   20     stopx        0         0          ;8
