- Pascal-FC for IBM PC compatibles - 
- GNU Compiler Version P5.2

G L Davies  &  A Burns, University of York

Compiler listing

    1     0 program buclerepeat;
    2     0 var
    3     0  claveCorrecta, intento:integer;
    4     0 begin
    5     0  claveCorrecta:=123;
    6     3  repeat
    7     3  writeln('Ingrese la clave de acceso: ');
    8     6  readln(intento);
    9     9  until intento=claveCorrecta;
   10    13  writeln('Clave correcta');
   11    16  (*Aqui iria el resto del programa*)
   12    16  readln
   13    16 end.



Symbol table

    name       link      objekt       type         ref      nrm  lev  adr  aux

 45 _main        44     procedure   notyp           2      True    0    0    0
 46 any           0     variable    synch           0      True    1    5    0
 47 clavecorre   46     variable    integer         0      True    1    5    0
 48 intento      47     variable    integer         0      True    1    6    0

Generated P-code

    0     ldadr        1         5          ;4
    1     ldcon.i      0       123          ;5
    2     store.i      0         0          ;5
    3     ldcon.i      0        28          ;7
    4     wrstr        0         0          ;7
    5     wrlin        0         0          ;7
    6     ldadr        1         6          ;8
    7     rdinp.i      0         0          ;8
    8     rdlin        0         0          ;8
    9     ldval.i      1         6          ;9
   10     ldval.i      1         5          ;9
   11     releq.i      0         0          ;9
   12     jmpiz        0         3          ;9
   13     ldcon.i      0        14          ;10
   14     wrstr        0        28          ;10
   15     wrlin        0         0          ;10
   16     rdlin        0         0          ;10
   17     stopx        0         0          ;12
