- Pascal-FC for IBM PC compatibles - 
- GNU Compiler Version P5.2

G L Davies  &  A Burns, University of York

Compiler listing

    1     0 program detectar;
    2     0 var 
    3     0  nombre: char;
    4     0 begin
    5     0  writeln('Ingrese su nombre');
    6     3  readln(nombre);
    7     6  writeln('su nombre es:', nombre);
    8    11 end.



Symbol table

    name       link      objekt       type         ref      nrm  lev  adr  aux

 45 _main        44     procedure   notyp           2      True    0    0    0
 46 any           0     variable    synch           0      True    1    5    0
 47 nombre       46     variable    char            0      True    1    5    0

Generated P-code

    0     ldcon.i      0        17          ;5
    1     wrstr        0         0          ;5
    2     wrlin        0         0          ;5
    3     ldadr        1         5          ;6
    4     rdinp.c      0         0          ;6
    5     rdlin        0         0          ;6
    6     ldcon.i      0        13          ;7
    7     wrstr        0        17          ;7
    8     ldval.c      1         5          ;7
    9     wrval.c      0         0          ;7
   10     wrlin        0         0          ;7
   11     stopx        0         0          ;7
