- Pascal-FC for IBM PC compatibles - 
- GNU Compiler Version P5.2

G L Davies  &  A Burns, University of York

Compiler listing

    1     0 program compararcon100;
    2     0 var
    3     0     numero: integer;
    4     0 begin
    5     0     write('Ingrese un numero: ');
    6     2     readln(numero);
    7     5     if numero > 100 then
    8     9         writeln('Es mayor que 100')
    9    11     else if numero < 100 then
   10    17         writeln('Es menor que 100')
   11    19     else
   12    20         writeln('Es igual a 100');
   13    24 end.



Symbol table

    name       link      objekt       type         ref      nrm  lev  adr  aux

 45 _main        44     procedure   notyp           2      True    0    0    0
 46 any           0     variable    synch           0      True    1    5    0
 47 numero       46     variable    integer         0      True    1    5    0

Generated P-code

    0     ldcon.i      0        19          ;5
    1     wrstr        0         0          ;5
    2     ldadr        1         5          ;6
    3     rdinp.i      0         0          ;6
    4     rdlin        0         0          ;6
    5     ldval.i      1         5          ;7
    6     ldcon.i      0       100          ;7
    7     relgt.i      0         0          ;7
    8     jmpiz        0        13          ;7
    9     ldcon.i      0        16          ;8
   10     wrstr        0        19          ;8
   11     wrlin        0         0          ;8
   12     jmpuc        0        24          ;8
   13     ldval.i      1         5          ;9
   14     ldcon.i      0       100          ;9
   15     rellt.i      0         0          ;9
   16     jmpiz        0        21          ;9
   17     ldcon.i      0        16          ;10
   18     wrstr        0        35          ;10
   19     wrlin        0         0          ;10
   20     jmpuc        0        24          ;10
   21     ldcon.i      0        14          ;12
   22     wrstr        0        51          ;12
   23     wrlin        0         0          ;12
   24     stopx        0         0          ;12
